# JRE version: OpenJDK Runtime Environment (11.0.15) (build 11.0.15+0-b2043.56-8887301)
# Java VM: OpenJDK 64-Bit Server VM (11.0.15+0-b2043.56-8887301, mixed mode, tiered, compressed oops, g1 gc, bsd-amd64)
Heap:
 garbage-first heap   total 399360K, used 336832K [0x0000000780000000, 0x0000000800000000)
  region size 1024K, 104 young (106496K), 8 survivors (8192K)
 Metaspace       used 151602K, capacity 156185K, committed 156528K, reserved 1185792K
  class space    used 18996K, capacity 20659K, committed 20684K, reserved 1048576K
GC Heap History (20 events):
Event: 761.726 GC heap after
{Heap after GC invocations=59 (full 0):
 garbage-first heap   total 399360K, used 193536K [0x0000000780000000, 0x0000000800000000)
  region size 1024K, 18 young (18432K), 18 survivors (18432K)
 Metaspace       used 124609K, capacity 128314K, committed 128624K, reserved 1161216K
  class space    used 15685K, capacity 17034K, committed 17100K, reserved 1048576K
}
Event: 762.611 GC heap before
{Heap before GC invocations=60 (full 0):
 garbage-first heap   total 399360K, used 319487K [0x0000000780000000, 0x0000000800000000)
  region size 1024K, 130 young (133120K), 18 survivors (18432K)
 Metaspace       used 127718K, capacity 131446K, committed 131824K, reserved 1163264K
  class space    used 15993K, capacity 17387K, committed 17484K, reserved 1048576K
}
Event: 762.652 GC heap after
{Heap after GC invocations=61 (full 0):
 garbage-first heap   total 399360K, used 200037K [0x0000000780000000, 0x0000000800000000)
  region size 1024K, 15 young (15360K), 15 survivors (15360K)
 Metaspace       used 127718K, capacity 131446K, committed 131824K, reserved 1163264K
  class space    used 15993K, capacity 17387K, committed 17484K, reserved 1048576K
}
Event: 762.667 GC heap before
{Heap before GC invocations=61 (full 0):
 garbage-first heap   total 399360K, used 204133K [0x0000000780000000, 0x0000000800000000)
  region size 1024K, 19 young (19456K), 15 survivors (15360K)
 Metaspace       used 127719K, capacity 131446K, committed 131824K, reserved 1163264K
  class space    used 15993K, capacity 17387K, committed 17484K, reserved 1048576K
}
Event: 762.705 GC heap after
{Heap after GC invocations=62 (full 0):
 garbage-first heap   total 399360K, used 186755K [0x0000000780000000, 0x0000000800000000)
  region size 1024K, 3 young (3072K), 3 survivors (3072K)
 Metaspace       used 127719K, capacity 131446K, committed 131824K, reserved 1163264K
  class space    used 15993K, capacity 17387K, committed 17484K, reserved 1048576K
}
Event: 766.442 GC heap before
{Heap before GC invocations=62 (full 0):
 garbage-first heap   total 399360K, used 252291K [0x0000000780000000, 0x0000000800000000)
  region size 1024K, 69 young (70656K), 3 survivors (3072K)
 Metaspace       used 129403K, capacity 133168K, committed 133488K, reserved 1165312K
  class space    used 16180K, capacity 17575K, committed 17612K, reserved 1048576K
}
Event: 766.456 GC heap after
{Heap after GC invocations=63 (full 0):
 garbage-first heap   total 399360K, used 192814K [0x0000000780000000, 0x0000000800000000)
  region size 1024K, 9 young (9216K), 9 survivors (9216K)
 Metaspace       used 129403K, capacity 133168K, committed 133488K, reserved 1165312K
  class space    used 16180K, capacity 17575K, committed 17612K, reserved 1048576K
}
Event: 807.614 GC heap before
{Heap before GC invocations=64 (full 0):
 garbage-first heap   total 399360K, used 343342K [0x0000000780000000, 0x0000000800000000)
  region size 1024K, 125 young (128000K), 9 survivors (9216K)
 Metaspace       used 134396K, capacity 138577K, committed 138864K, reserved 1169408K
  class space    used 16986K, capacity 18551K, committed 18636K, reserved 1048576K
}
Event: 807.627 GC heap after
{Heap after GC invocations=65 (full 0):
 garbage-first heap   total 399360K, used 228718K [0x0000000780000000, 0x0000000800000000)
  region size 1024K, 15 young (15360K), 15 survivors (15360K)
 Metaspace       used 134396K, capacity 138577K, committed 138864K, reserved 1169408K
  class space    used 16986K, capacity 18551K, committed 18636K, reserved 1048576K
}
Event: 807.658 GC heap before
{Heap before GC invocations=65 (full 0):
 garbage-first heap   total 399360K, used 232814K [0x0000000780000000, 0x0000000800000000)
  region size 1024K, 19 young (19456K), 15 survivors (15360K)
 Metaspace       used 134424K, capacity 138641K, committed 138864K, reserved 1169408K
  class space    used 16986K, capacity 18551K, committed 18636K, reserved 1048576K
}
Event: 807.678 GC heap after
{Heap after GC invocations=66 (full 0):
 garbage-first heap   total 399360K, used 208411K [0x0000000780000000, 0x0000000800000000)
  region size 1024K, 2 young (2048K), 2 survivors (2048K)
 Metaspace       used 134424K, capacity 138641K, committed 138864K, reserved 1169408K
  class space    used 16986K, capacity 18551K, committed 18636K, reserved 1048576K
}
Event: 808.550 GC heap before
{Heap before GC invocations=66 (full 0):
 garbage-first heap   total 399360K, used 252443K [0x0000000780000000, 0x0000000800000000)
  region size 1024K, 46 young (47104K), 2 survivors (2048K)
 Metaspace       used 138149K, capacity 142636K, committed 142960K, reserved 1173504K
  class space    used 17402K, capacity 19043K, committed 19148K, reserved 1048576K
}
Event: 808.566 GC heap after
{Heap after GC invocations=67 (full 0):
 garbage-first heap   total 399360K, used 212959K [0x0000000780000000, 0x0000000800000000)
  region size 1024K, 6 young (6144K), 6 survivors (6144K)
 Metaspace       used 138149K, capacity 142636K, committed 142960K, reserved 1173504K
  class space    used 17402K, capacity 19043K, committed 19148K, reserved 1048576K
}
Event: 809.490 GC heap before
{Heap before GC invocations=68 (full 0):
 garbage-first heap   total 399360K, used 361439K [0x0000000780000000, 0x0000000800000000)
  region size 1024K, 114 young (116736K), 6 survivors (6144K)
 Metaspace       used 141300K, capacity 145902K, committed 146160K, reserved 1175552K
  class space    used 17833K, capacity 19511K, committed 19532K, reserved 1048576K
}
Event: 809.501 GC heap after
{Heap after GC invocations=69 (full 0):
 garbage-first heap   total 399360K, used 259304K [0x0000000780000000, 0x0000000800000000)
  region size 1024K, 13 young (13312K), 13 survivors (13312K)
 Metaspace       used 141300K, capacity 145902K, committed 146160K, reserved 1175552K
  class space    used 17833K, capacity 19511K, committed 19532K, reserved 1048576K
}
Event: 809.519 GC heap before
{Heap before GC invocations=69 (full 0):
 garbage-first heap   total 399360K, used 265448K [0x0000000780000000, 0x0000000800000000)
  region size 1024K, 19 young (19456K), 13 survivors (13312K)
 Metaspace       used 141494K, capacity 146062K, committed 146288K, reserved 1175552K
  class space    used 17859K, capacity 19543K, committed 19660K, reserved 1048576K
}
Event: 809.537 GC heap after
{Heap after GC invocations=70 (full 0):
 garbage-first heap   total 399360K, used 237867K [0x0000000780000000, 0x0000000800000000)
  region size 1024K, 2 young (2048K), 2 survivors (2048K)
 Metaspace       used 141494K, capacity 146062K, committed 146288K, reserved 1175552K
  class space    used 17859K, capacity 19543K, committed 19660K, reserved 1048576K
}
Event: 809.576 GC heap before
{Heap before GC invocations=70 (full 0):
 garbage-first heap   total 399360K, used 248107K [0x0000000780000000, 0x0000000800000000)
  region size 1024K, 14 young (14336K), 2 survivors (2048K)
 Metaspace       used 142084K, capacity 146638K, committed 147056K, reserved 1177600K
  class space    used 17911K, capacity 19607K, committed 19660K, reserved 1048576K
}
Event: 809.586 GC heap after
{Heap after GC invocations=71 (full 0):
 garbage-first heap   total 399360K, used 237504K [0x0000000780000000, 0x0000000800000000)
  region size 1024K, 1 young (1024K), 1 survivors (1024K)
 Metaspace       used 142084K, capacity 146638K, committed 147056K, reserved 1177600K
  class space    used 17911K, capacity 19607K, committed 19660K, reserved 1048576K
}
Event: 814.423 GC heap before
{Heap before GC invocations=72 (full 0):
 garbage-first heap   total 399360K, used 335808K [0x0000000780000000, 0x0000000800000000)
  region size 1024K, 97 young (99328K), 1 survivors (1024K)
 Metaspace       used 151602K, capacity 156185K, committed 156528K, reserved 1185792K
  class space    used 18996K, capacity 20659K, committed 20684K, reserved 1048576K
}

