# JRE version: OpenJDK Runtime Environment (11.0.15) (build 11.0.15+0-b2043.56-8887301)
# Java VM: OpenJDK 64-Bit Server VM (11.0.15+0-b2043.56-8887301, mixed mode, tiered, compressed oops, g1 gc, bsd-amd64)
Heap:
 garbage-first heap   total 157696K, used 62059K [0x0000000780000000, 0x0000000800000000)
  region size 1024K, 6 young (6144K), 4 survivors (4096K)
 Metaspace       used 67027K, capacity 68772K, committed 69020K, reserved 1110016K
  class space    used 8369K, capacity 9019K, committed 9036K, reserved 1048576K
GC Heap History (20 events):
Event: 2.990 GC heap before
{Heap before GC invocations=4 (full 0):
 garbage-first heap   total 131072K, used 68371K [0x0000000780000000, 0x0000000800000000)
  region size 1024K, 52 young (53248K), 1 survivors (1024K)
 Metaspace       used 26051K, capacity 26614K, committed 26876K, reserved 1073152K
  class space    used 3345K, capacity 3537K, committed 3660K, reserved 1048576K
}
Event: 2.993 GC heap after
{Heap after GC invocations=5 (full 0):
 garbage-first heap   total 131072K, used 18816K [0x0000000780000000, 0x0000000800000000)
  region size 1024K, 3 young (3072K), 3 survivors (3072K)
 Metaspace       used 26051K, capacity 26614K, committed 26876K, reserved 1073152K
  class space    used 3345K, capacity 3537K, committed 3660K, reserved 1048576K
}
Event: 3.795 GC heap before
{Heap before GC invocations=5 (full 0):
 garbage-first heap   total 131072K, used 76160K [0x0000000780000000, 0x0000000800000000)
  region size 1024K, 59 young (60416K), 3 survivors (3072K)
 Metaspace       used 32114K, capacity 32856K, committed 33020K, reserved 1077248K
  class space    used 4280K, capacity 4558K, committed 4684K, reserved 1048576K
}
Event: 3.800 GC heap after
{Heap after GC invocations=6 (full 0):
 garbage-first heap   total 131072K, used 20916K [0x0000000780000000, 0x0000000800000000)
  region size 1024K, 5 young (5120K), 5 survivors (5120K)
 Metaspace       used 32114K, capacity 32856K, committed 33020K, reserved 1077248K
  class space    used 4280K, capacity 4558K, committed 4684K, reserved 1048576K
}
Event: 4.040 GC heap before
{Heap before GC invocations=6 (full 0):
 garbage-first heap   total 131072K, used 28084K [0x0000000780000000, 0x0000000800000000)
  region size 1024K, 13 young (13312K), 5 survivors (5120K)
 Metaspace       used 34976K, capacity 35791K, committed 35964K, reserved 1081344K
  class space    used 4501K, capacity 4791K, committed 4812K, reserved 1048576K
}
Event: 4.049 GC heap after
{Heap after GC invocations=7 (full 0):
 garbage-first heap   total 131072K, used 22259K [0x0000000780000000, 0x0000000800000000)
  region size 1024K, 6 young (6144K), 6 survivors (6144K)
 Metaspace       used 34976K, capacity 35791K, committed 35964K, reserved 1081344K
  class space    used 4501K, capacity 4791K, committed 4812K, reserved 1048576K
}
Event: 4.755 GC heap before
{Heap before GC invocations=8 (full 0):
 garbage-first heap   total 131072K, used 81651K [0x0000000780000000, 0x0000000800000000)
  region size 1024K, 61 young (62464K), 6 survivors (6144K)
 Metaspace       used 39824K, capacity 40746K, committed 40956K, reserved 1085440K
  class space    used 4997K, capacity 5328K, committed 5452K, reserved 1048576K
}
Event: 4.769 GC heap after
{Heap after GC invocations=9 (full 0):
 garbage-first heap   total 131072K, used 27345K [0x0000000780000000, 0x0000000800000000)
  region size 1024K, 8 young (8192K), 8 survivors (8192K)
 Metaspace       used 39824K, capacity 40746K, committed 40956K, reserved 1085440K
  class space    used 4997K, capacity 5328K, committed 5452K, reserved 1048576K
}
Event: 5.445 GC heap before
{Heap before GC invocations=10 (full 0):
 garbage-first heap   total 131072K, used 84689K [0x0000000780000000, 0x0000000800000000)
  region size 1024K, 63 young (64512K), 8 survivors (8192K)
 Metaspace       used 44153K, capacity 45330K, committed 45436K, reserved 1089536K
  class space    used 5562K, capacity 6014K, committed 6092K, reserved 1048576K
}
Event: 5.457 GC heap after
{Heap after GC invocations=11 (full 0):
 garbage-first heap   total 157696K, used 30878K [0x0000000780000000, 0x0000000800000000)
  region size 1024K, 4 young (4096K), 4 survivors (4096K)
 Metaspace       used 44153K, capacity 45330K, committed 45436K, reserved 1089536K
  class space    used 5562K, capacity 6014K, committed 6092K, reserved 1048576K
}
Event: 6.309 GC heap before
{Heap before GC invocations=11 (full 0):
 garbage-first heap   total 157696K, used 97438K [0x0000000780000000, 0x0000000800000000)
  region size 1024K, 69 young (70656K), 4 survivors (4096K)
 Metaspace       used 48071K, capacity 49549K, committed 49916K, reserved 1093632K
  class space    used 6081K, capacity 6616K, committed 6732K, reserved 1048576K
}
Event: 6.314 GC heap after
{Heap after GC invocations=12 (full 0):
 garbage-first heap   total 157696K, used 33032K [0x0000000780000000, 0x0000000800000000)
  region size 1024K, 6 young (6144K), 6 survivors (6144K)
 Metaspace       used 48071K, capacity 49549K, committed 49916K, reserved 1093632K
  class space    used 6081K, capacity 6616K, committed 6732K, reserved 1048576K
}
Event: 7.393 GC heap before
{Heap before GC invocations=12 (full 0):
 garbage-first heap   total 157696K, used 109832K [0x0000000780000000, 0x0000000800000000)
  region size 1024K, 74 young (75776K), 6 survivors (6144K)
 Metaspace       used 52516K, capacity 53978K, committed 54268K, reserved 1095680K
  class space    used 6643K, capacity 7196K, committed 7244K, reserved 1048576K
}
Event: 7.406 GC heap after
{Heap after GC invocations=13 (full 0):
 garbage-first heap   total 157696K, used 53097K [0x0000000780000000, 0x0000000800000000)
  region size 1024K, 10 young (10240K), 10 survivors (10240K)
 Metaspace       used 52516K, capacity 53978K, committed 54268K, reserved 1095680K
  class space    used 6643K, capacity 7196K, committed 7244K, reserved 1048576K
}
Event: 8.458 GC heap before
{Heap before GC invocations=13 (full 0):
 garbage-first heap   total 157696K, used 112489K [0x0000000780000000, 0x0000000800000000)
  region size 1024K, 68 young (69632K), 10 survivors (10240K)
 Metaspace       used 61047K, capacity 62680K, committed 62972K, reserved 1103872K
  class space    used 7634K, capacity 8239K, committed 8268K, reserved 1048576K
}
Event: 8.468 GC heap after
{Heap after GC invocations=14 (full 0):
 garbage-first heap   total 157696K, used 57865K [0x0000000780000000, 0x0000000800000000)
  region size 1024K, 5 young (5120K), 5 survivors (5120K)
 Metaspace       used 61047K, capacity 62680K, committed 62972K, reserved 1103872K
  class space    used 7634K, capacity 8239K, committed 8268K, reserved 1048576K
}
Event: 9.409 GC heap before
{Heap before GC invocations=14 (full 0):
 garbage-first heap   total 157696K, used 116233K [0x0000000780000000, 0x0000000800000000)
  region size 1024K, 62 young (63488K), 5 survivors (5120K)
 Metaspace       used 66064K, capacity 67848K, committed 68092K, reserved 1107968K
  class space    used 8253K, capacity 8924K, committed 9036K, reserved 1048576K
}
Event: 9.416 GC heap after
{Heap after GC invocations=15 (full 0):
 garbage-first heap   total 157696K, used 61000K [0x0000000780000000, 0x0000000800000000)
  region size 1024K, 4 young (4096K), 4 survivors (4096K)
 Metaspace       used 66064K, capacity 67848K, committed 68092K, reserved 1107968K
  class space    used 8253K, capacity 8924K, committed 9036K, reserved 1048576K
}
Event: 9.476 GC heap before
{Heap before GC invocations=15 (full 0):
 garbage-first heap   total 157696K, used 64072K [0x0000000780000000, 0x0000000800000000)
  region size 1024K, 8 young (8192K), 4 survivors (4096K)
 Metaspace       used 66644K, capacity 68358K, committed 68604K, reserved 1110016K
  class space    used 8317K, capacity 8966K, committed 9036K, reserved 1048576K
}
Event: 9.481 GC heap after
{Heap after GC invocations=16 (full 0):
 garbage-first heap   total 157696K, used 61035K [0x0000000780000000, 0x0000000800000000)
  region size 1024K, 4 young (4096K), 4 survivors (4096K)
 Metaspace       used 66644K, capacity 68358K, committed 68604K, reserved 1110016K
  class space    used 8317K, capacity 8966K, committed 9036K, reserved 1048576K
}

