# JRE version: OpenJDK Runtime Environment (11.0.15) (build 11.0.15+0-b2043.56-8887301)
# Java VM: OpenJDK 64-Bit Server VM (11.0.15+0-b2043.56-8887301, mixed mode, tiered, compressed oops, g1 gc, bsd-amd64)
Heap:
 garbage-first heap   total 273408K, used 207934K [0x0000000780000000, 0x0000000800000000)
  region size 1024K, 77 young (78848K), 10 survivors (10240K)
 Metaspace       used 91103K, capacity 93475K, committed 93732K, reserved 1130496K
  class space    used 11518K, capacity 12369K, committed 12492K, reserved 1048576K
GC Heap History (20 events):
Event: 15.143 GC heap before
{Heap before GC invocations=25 (full 0):
 garbage-first heap   total 227328K, used 179143K [0x0000000780000000, 0x0000000800000000)
  region size 1024K, 81 young (82944K), 8 survivors (8192K)
 Metaspace       used 90274K, capacity 92665K, committed 92836K, reserved 1130496K
  class space    used 11455K, capacity 12293K, committed 12364K, reserved 1048576K
}
Event: 15.150 GC heap after
{Heap after GC invocations=26 (full 0):
 garbage-first heap   total 227328K, used 108701K [0x0000000780000000, 0x0000000800000000)
  region size 1024K, 9 young (9216K), 9 survivors (9216K)
 Metaspace       used 90274K, capacity 92665K, committed 92836K, reserved 1130496K
  class space    used 11455K, capacity 12293K, committed 12364K, reserved 1048576K
}
Event: 15.530 GC heap before
{Heap before GC invocations=26 (full 0):
 garbage-first heap   total 227328K, used 181405K [0x0000000780000000, 0x0000000800000000)
  region size 1024K, 81 young (82944K), 9 survivors (9216K)
 Metaspace       used 90585K, capacity 92895K, committed 93092K, reserved 1130496K
  class space    used 11463K, capacity 12297K, committed 12364K, reserved 1048576K
}
Event: 15.540 GC heap after
{Heap after GC invocations=27 (full 0):
 garbage-first heap   total 227328K, used 113606K [0x0000000780000000, 0x0000000800000000)
  region size 1024K, 10 young (10240K), 10 survivors (10240K)
 Metaspace       used 90585K, capacity 92895K, committed 93092K, reserved 1130496K
  class space    used 11463K, capacity 12297K, committed 12364K, reserved 1048576K
}
Event: 15.697 GC heap before
{Heap before GC invocations=27 (full 0):
 garbage-first heap   total 227328K, used 183238K [0x0000000780000000, 0x0000000800000000)
  region size 1024K, 79 young (80896K), 10 survivors (10240K)
 Metaspace       used 90611K, capacity 92965K, committed 93092K, reserved 1130496K
  class space    used 11463K, capacity 12297K, committed 12364K, reserved 1048576K
}
Event: 15.707 GC heap after
{Heap after GC invocations=28 (full 0):
 garbage-first heap   total 227328K, used 117054K [0x0000000780000000, 0x0000000800000000)
  region size 1024K, 6 young (6144K), 6 survivors (6144K)
 Metaspace       used 90611K, capacity 92965K, committed 93092K, reserved 1130496K
  class space    used 11463K, capacity 12297K, committed 12364K, reserved 1048576K
}
Event: 15.948 GC heap before
{Heap before GC invocations=29 (full 0):
 garbage-first heap   total 227328K, used 184638K [0x0000000780000000, 0x0000000800000000)
  region size 1024K, 73 young (74752K), 6 survivors (6144K)
 Metaspace       used 90575K, capacity 92892K, committed 93092K, reserved 1130496K
  class space    used 11449K, capacity 12272K, committed 12364K, reserved 1048576K
}
Event: 15.956 GC heap after
{Heap after GC invocations=30 (full 0):
 garbage-first heap   total 227328K, used 120113K [0x0000000780000000, 0x0000000800000000)
  region size 1024K, 6 young (6144K), 6 survivors (6144K)
 Metaspace       used 90575K, capacity 92892K, committed 93092K, reserved 1130496K
  class space    used 11449K, capacity 12272K, committed 12364K, reserved 1048576K
}
Event: 16.096 GC heap before
{Heap before GC invocations=30 (full 0):
 garbage-first heap   total 227328K, used 165169K [0x0000000780000000, 0x0000000800000000)
  region size 1024K, 52 young (53248K), 6 survivors (6144K)
 Metaspace       used 90584K, capacity 92893K, committed 93092K, reserved 1130496K
  class space    used 11449K, capacity 12272K, committed 12364K, reserved 1048576K
}
Event: 16.104 GC heap after
{Heap after GC invocations=31 (full 0):
 garbage-first heap   total 227328K, used 122342K [0x0000000780000000, 0x0000000800000000)
  region size 1024K, 5 young (5120K), 5 survivors (5120K)
 Metaspace       used 90584K, capacity 92893K, committed 93092K, reserved 1130496K
  class space    used 11449K, capacity 12272K, committed 12364K, reserved 1048576K
}
Event: 16.467 GC heap before
{Heap before GC invocations=32 (full 0):
 garbage-first heap   total 227328K, used 187878K [0x0000000780000000, 0x0000000800000000)
  region size 1024K, 69 young (70656K), 5 survivors (5120K)
 Metaspace       used 90614K, capacity 92937K, committed 93348K, reserved 1130496K
  class space    used 11446K, capacity 12263K, committed 12364K, reserved 1048576K
}
Event: 16.474 GC heap after
{Heap after GC invocations=33 (full 0):
 garbage-first heap   total 227328K, used 126786K [0x0000000780000000, 0x0000000800000000)
  region size 1024K, 9 young (9216K), 9 survivors (9216K)
 Metaspace       used 90614K, capacity 92937K, committed 93348K, reserved 1130496K
  class space    used 11446K, capacity 12263K, committed 12364K, reserved 1048576K
}
Event: 16.609 GC heap before
{Heap before GC invocations=33 (full 0):
 garbage-first heap   total 227328K, used 187202K [0x0000000780000000, 0x0000000800000000)
  region size 1024K, 69 young (70656K), 9 survivors (9216K)
 Metaspace       used 90623K, capacity 92939K, committed 93348K, reserved 1130496K
  class space    used 11446K, capacity 12263K, committed 12364K, reserved 1048576K
}
Event: 16.620 GC heap after
{Heap after GC invocations=34 (full 0):
 garbage-first heap   total 227328K, used 130523K [0x0000000780000000, 0x0000000800000000)
  region size 1024K, 6 young (6144K), 6 survivors (6144K)
 Metaspace       used 90623K, capacity 92939K, committed 93348K, reserved 1130496K
  class space    used 11446K, capacity 12263K, committed 12364K, reserved 1048576K
}
Event: 16.824 GC heap before
{Heap before GC invocations=34 (full 0):
 garbage-first heap   total 227328K, used 188891K [0x0000000780000000, 0x0000000800000000)
  region size 1024K, 63 young (64512K), 6 survivors (6144K)
 Metaspace       used 90644K, capacity 92940K, committed 93348K, reserved 1130496K
  class space    used 11447K, capacity 12263K, committed 12364K, reserved 1048576K
}
Event: 16.833 GC heap after
{Heap after GC invocations=35 (full 0):
 garbage-first heap   total 273408K, used 134360K [0x0000000780000000, 0x0000000800000000)
  region size 1024K, 6 young (6144K), 6 survivors (6144K)
 Metaspace       used 90644K, capacity 92940K, committed 93348K, reserved 1130496K
  class space    used 11447K, capacity 12263K, committed 12364K, reserved 1048576K
}
Event: 17.043 GC heap before
{Heap before GC invocations=36 (full 0):
 garbage-first heap   total 273408K, used 198872K [0x0000000780000000, 0x0000000800000000)
  region size 1024K, 71 young (72704K), 6 survivors (6144K)
 Metaspace       used 90658K, capacity 93007K, committed 93348K, reserved 1130496K
  class space    used 11448K, capacity 12264K, committed 12364K, reserved 1048576K
}
Event: 17.052 GC heap after
{Heap after GC invocations=37 (full 0):
 garbage-first heap   total 273408K, used 137227K [0x0000000780000000, 0x0000000800000000)
  region size 1024K, 9 young (9216K), 9 survivors (9216K)
 Metaspace       used 90658K, capacity 93007K, committed 93348K, reserved 1130496K
  class space    used 11448K, capacity 12264K, committed 12364K, reserved 1048576K
}
Event: 17.273 GC heap before
{Heap before GC invocations=37 (full 0):
 garbage-first heap   total 273408K, used 220171K [0x0000000780000000, 0x0000000800000000)
  region size 1024K, 90 young (92160K), 9 survivors (9216K)
 Metaspace       used 90687K, capacity 93049K, committed 93348K, reserved 1130496K
  class space    used 11452K, capacity 12271K, committed 12364K, reserved 1048576K
}
Event: 17.283 GC heap after
{Heap after GC invocations=38 (full 0):
 garbage-first heap   total 273408K, used 141374K [0x0000000780000000, 0x0000000800000000)
  region size 1024K, 10 young (10240K), 10 survivors (10240K)
 Metaspace       used 90687K, capacity 93049K, committed 93348K, reserved 1130496K
  class space    used 11452K, capacity 12271K, committed 12364K, reserved 1048576K
}

