# JRE version: OpenJDK Runtime Environment (11.0.15) (build 11.0.15+0-b2043.56-8887301)
# Java VM: OpenJDK 64-Bit Server VM (11.0.15+0-b2043.56-8887301, mixed mode, tiered, compressed oops, g1 gc, bsd-amd64)
Heap:
 garbage-first heap   total 157696K, used 66048K [0x0000000780000000, 0x0000000800000000)
  region size 1024K, 8 young (8192K), 5 survivors (5120K)
 Metaspace       used 59291K, capacity 59940K, committed 60748K, reserved 1103872K
  class space    used 6734K, capacity 7013K, committed 7040K, reserved 1048576K
GC Heap History (16 events):
Event: 2.201 GC heap before
{Heap before GC invocations=0 (full 0):
 garbage-first heap   total 131072K, used 27648K [0x0000000780000000, 0x0000000800000000)
  region size 1024K, 24 young (24576K), 0 survivors (0K)
 Metaspace       used 12243K, capacity 12277K, committed 12672K, reserved 1060864K
  class space    used 1102K, capacity 1110K, committed 1152K, reserved 1048576K
}
Event: 2.206 GC heap after
{Heap after GC invocations=1 (full 0):
 garbage-first heap   total 131072K, used 6378K [0x0000000780000000, 0x0000000800000000)
  region size 1024K, 3 young (3072K), 3 survivors (3072K)
 Metaspace       used 12243K, capacity 12277K, committed 12672K, reserved 1060864K
  class space    used 1102K, capacity 1110K, committed 1152K, reserved 1048576K
}
Event: 3.040 GC heap before
{Heap before GC invocations=1 (full 0):
 garbage-first heap   total 131072K, used 46314K [0x0000000780000000, 0x0000000800000000)
  region size 1024K, 43 young (44032K), 3 survivors (3072K)
 Metaspace       used 20734K, capacity 20899K, committed 21248K, reserved 1069056K
  class space    used 2183K, capacity 2267K, committed 2304K, reserved 1048576K
}
Event: 3.057 GC heap after
{Heap after GC invocations=2 (full 0):
 garbage-first heap   total 131072K, used 10368K [0x0000000780000000, 0x0000000800000000)
  region size 1024K, 7 young (7168K), 7 survivors (7168K)
 Metaspace       used 20734K, capacity 20899K, committed 21248K, reserved 1069056K
  class space    used 2183K, capacity 2267K, committed 2304K, reserved 1048576K
}
Event: 4.343 GC heap before
{Heap before GC invocations=3 (full 0):
 garbage-first heap   total 131072K, used 61568K [0x0000000780000000, 0x0000000800000000)
  region size 1024K, 54 young (55296K), 7 survivors (7168K)
 Metaspace       used 31370K, capacity 31795K, committed 32256K, reserved 1077248K
  class space    used 3649K, capacity 3826K, committed 3840K, reserved 1048576K
}
Event: 4.361 GC heap after
{Heap after GC invocations=4 (full 0):
 garbage-first heap   total 131072K, used 18684K [0x0000000780000000, 0x0000000800000000)
  region size 1024K, 6 young (6144K), 6 survivors (6144K)
 Metaspace       used 31370K, capacity 31795K, committed 32256K, reserved 1077248K
  class space    used 3649K, capacity 3826K, committed 3840K, reserved 1048576K
}
Event: 4.981 GC heap before
{Heap before GC invocations=4 (full 0):
 garbage-first heap   total 131072K, used 54524K [0x0000000780000000, 0x0000000800000000)
  region size 1024K, 41 young (41984K), 6 survivors (6144K)
 Metaspace       used 34813K, capacity 35195K, committed 35840K, reserved 1081344K
  class space    used 4226K, capacity 4404K, committed 4480K, reserved 1048576K
}
Event: 4.996 GC heap after
{Heap after GC invocations=5 (full 0):
 garbage-first heap   total 131072K, used 28324K [0x0000000780000000, 0x0000000800000000)
  region size 1024K, 8 young (8192K), 8 survivors (8192K)
 Metaspace       used 34813K, capacity 35195K, committed 35840K, reserved 1081344K
  class space    used 4226K, capacity 4404K, committed 4480K, reserved 1048576K
}
Event: 6.074 GC heap before
{Heap before GC invocations=6 (full 0):
 garbage-first heap   total 131072K, used 80548K [0x0000000780000000, 0x0000000800000000)
  region size 1024K, 59 young (60416K), 8 survivors (8192K)
 Metaspace       used 44679K, capacity 45141K, committed 46208K, reserved 1089536K
  class space    used 5196K, capacity 5388K, committed 5504K, reserved 1048576K
}
Event: 6.091 GC heap after
{Heap after GC invocations=7 (full 0):
 garbage-first heap   total 131072K, used 32557K [0x0000000780000000, 0x0000000800000000)
  region size 1024K, 7 young (7168K), 7 survivors (7168K)
 Metaspace       used 44679K, capacity 45141K, committed 46208K, reserved 1089536K
  class space    used 5196K, capacity 5388K, committed 5504K, reserved 1048576K
}
Event: 7.759 GC heap before
{Heap before GC invocations=7 (full 0):
 garbage-first heap   total 131072K, used 92973K [0x0000000780000000, 0x0000000800000000)
  region size 1024K, 63 young (64512K), 7 survivors (7168K)
 Metaspace       used 49151K, capacity 49641K, committed 50432K, reserved 1093632K
  class space    used 5667K, capacity 5885K, committed 5888K, reserved 1048576K
}
Event: 7.782 GC heap after
{Heap after GC invocations=8 (full 0):
 garbage-first heap   total 157696K, used 47104K [0x0000000780000000, 0x0000000800000000)
  region size 1024K, 8 young (8192K), 8 survivors (8192K)
 Metaspace       used 49151K, capacity 49641K, committed 50432K, reserved 1093632K
  class space    used 5667K, capacity 5885K, committed 5888K, reserved 1048576K
}
Event: 9.024 GC heap before
{Heap before GC invocations=8 (full 0):
 garbage-first heap   total 157696K, used 106496K [0x0000000780000000, 0x0000000800000000)
  region size 1024K, 66 young (67584K), 8 survivors (8192K)
 Metaspace       used 54507K, capacity 55085K, committed 56192K, reserved 1099776K
  class space    used 6151K, capacity 6402K, committed 6528K, reserved 1048576K
}
Event: 9.047 GC heap after
{Heap after GC invocations=9 (full 0):
 garbage-first heap   total 157696K, used 56320K [0x0000000780000000, 0x0000000800000000)
  region size 1024K, 9 young (9216K), 9 survivors (9216K)
 Metaspace       used 54507K, capacity 55085K, committed 56192K, reserved 1099776K
  class space    used 6151K, capacity 6402K, committed 6528K, reserved 1048576K
}
Event: 9.877 GC heap before
{Heap before GC invocations=9 (full 0):
 garbage-first heap   total 157696K, used 86016K [0x0000000780000000, 0x0000000800000000)
  region size 1024K, 37 young (37888K), 9 survivors (9216K)
 Metaspace       used 58555K, capacity 59259K, committed 60160K, reserved 1101824K
  class space    used 6629K, capacity 6891K, committed 6912K, reserved 1048576K
}
Event: 9.897 GC heap after
{Heap after GC invocations=10 (full 0):
 garbage-first heap   total 157696K, used 64000K [0x0000000780000000, 0x0000000800000000)
  region size 1024K, 5 young (5120K), 5 survivors (5120K)
 Metaspace       used 58555K, capacity 59259K, committed 60160K, reserved 1101824K
  class space    used 6629K, capacity 6891K, committed 6912K, reserved 1048576K
}

